collected spirvs: ["gallery.frag", "moon", "spirv-spec.frag"]
[main { exec_model: Fragment, name: "main", vars: [Descriptor { name: None, desc_bind: (set=0, bind=0), desc_ty: UniformBuffer, ty: Struct(StructType { name: Some("blockName"), members: [StructMember { name: Some("s"), offset: Some(0), ty: Struct(StructType { name: Some("S"), members: [StructMember { name: Some("b"), offset: Some(0), ty: Scalar(Integer { bits: 32, is_signed: false }), access_ty: ReadWrite }, StructMember { name: Some("v"), offset: Some(16), ty: Array(ArrayType { element_ty: Vector(VectorType { scalar_ty: Float { bits: 32 }, scalar_count: 4 }), element_count: Some(5), stride: Some(16) }), access_ty: ReadWrite }, StructMember { name: Some("i"), offset: Some(96), ty: Scalar(Integer { bits: 32, is_signed: true }), access_ty: ReadWrite }] }), access_ty: ReadWrite }, StructMember { name: Some("cond"), offset: Some(112), ty: Scalar(Integer { bits: 32, is_signed: false }), access_ty: ReadWrite }] }), bind_count: 1 }, Output { name: Some("color"), location: (loc=0, comp=0), ty: Vector(VectorType { scalar_ty: Float { bits: 32 }, scalar_count: 4 }) }, Input { name: Some("color1"), location: (loc=0, comp=0), ty: Vector(VectorType { scalar_ty: Float { bits: 32 }, scalar_count: 4 }) }, Input { name: Some("color2"), location: (loc=2, comp=0), ty: Vector(VectorType { scalar_ty: Float { bits: 32 }, scalar_count: 4 }) }, Input { name: Some("multiplier"), location: (loc=1, comp=0), ty: Vector(VectorType { scalar_ty: Float { bits: 32 }, scalar_count: 4 }) }], exec_modes: [ExecutionMode { exec_mode: OriginUpperLeft, operands: [] }] }]
Descriptor { name: None, desc_bind: (set=0, bind=0), desc_ty: UniformBuffer, ty: Struct(StructType { name: Some("blockName"), members: [StructMember { name: Some("s"), offset: Some(0), ty: Struct(StructType { name: Some("S"), members: [StructMember { name: Some("b"), offset: Some(0), ty: Scalar(Integer { bits: 32, is_signed: false }), access_ty: ReadWrite }, StructMember { name: Some("v"), offset: Some(16), ty: Array(ArrayType { element_ty: Vector(VectorType { scalar_ty: Float { bits: 32 }, scalar_count: 4 }), element_count: Some(5), stride: Some(16) }), access_ty: ReadWrite }, StructMember { name: Some("i"), offset: Some(96), ty: Scalar(Integer { bits: 32, is_signed: true }), access_ty: ReadWrite }] }), access_ty: ReadWrite }, StructMember { name: Some("cond"), offset: Some(112), ty: Scalar(Integer { bits: 32, is_signed: false }), access_ty: ReadWrite }] }), bind_count: 1 }
- MemberVariableRouting { sym: [s, b], offset: 0, ty: Scalar(Integer { bits: 32, is_signed: false }) }
- MemberVariableRouting { sym: [s, v, 0], offset: 16, ty: Vector(VectorType { scalar_ty: Float { bits: 32 }, scalar_count: 4 }) }
- MemberVariableRouting { sym: [s, v, 1], offset: 32, ty: Vector(VectorType { scalar_ty: Float { bits: 32 }, scalar_count: 4 }) }
- MemberVariableRouting { sym: [s, v, 2], offset: 48, ty: Vector(VectorType { scalar_ty: Float { bits: 32 }, scalar_count: 4 }) }
- MemberVariableRouting { sym: [s, v, 3], offset: 64, ty: Vector(VectorType { scalar_ty: Float { bits: 32 }, scalar_count: 4 }) }
- MemberVariableRouting { sym: [s, v, 4], offset: 80, ty: Vector(VectorType { scalar_ty: Float { bits: 32 }, scalar_count: 4 }) }
- MemberVariableRouting { sym: [s, v], offset: 16, ty: Array(ArrayType { element_ty: Vector(VectorType { scalar_ty: Float { bits: 32 }, scalar_count: 4 }), element_count: Some(5), stride: Some(16) }) }
- MemberVariableRouting { sym: [s, i], offset: 96, ty: Scalar(Integer { bits: 32, is_signed: true }) }
- MemberVariableRouting { sym: [s], offset: 0, ty: Struct(StructType { name: Some("S"), members: [StructMember { name: Some("b"), offset: Some(0), ty: Scalar(Integer { bits: 32, is_signed: false }), access_ty: ReadWrite }, StructMember { name: Some("v"), offset: Some(16), ty: Array(ArrayType { element_ty: Vector(VectorType { scalar_ty: Float { bits: 32 }, scalar_count: 4 }), element_count: Some(5), stride: Some(16) }), access_ty: ReadWrite }, StructMember { name: Some("i"), offset: Some(96), ty: Scalar(Integer { bits: 32, is_signed: true }), access_ty: ReadWrite }] }) }
- MemberVariableRouting { sym: [cond], offset: 112, ty: Scalar(Integer { bits: 32, is_signed: false }) }
- MemberVariableRouting { sym: [], offset: 0, ty: Struct(StructType { name: Some("blockName"), members: [StructMember { name: Some("s"), offset: Some(0), ty: Struct(StructType { name: Some("S"), members: [StructMember { name: Some("b"), offset: Some(0), ty: Scalar(Integer { bits: 32, is_signed: false }), access_ty: ReadWrite }, StructMember { name: Some("v"), offset: Some(16), ty: Array(ArrayType { element_ty: Vector(VectorType { scalar_ty: Float { bits: 32 }, scalar_count: 4 }), element_count: Some(5), stride: Some(16) }), access_ty: ReadWrite }, StructMember { name: Some("i"), offset: Some(96), ty: Scalar(Integer { bits: 32, is_signed: true }), access_ty: ReadWrite }] }), access_ty: ReadWrite }, StructMember { name: Some("cond"), offset: Some(112), ty: Scalar(Integer { bits: 32, is_signed: false }), access_ty: ReadWrite }] }) }
Output { name: Some("color"), location: (loc=0, comp=0), ty: Vector(VectorType { scalar_ty: Float { bits: 32 }, scalar_count: 4 }) }
- MemberVariableRouting { sym: [], offset: 0, ty: Vector(VectorType { scalar_ty: Float { bits: 32 }, scalar_count: 4 }) }
Input { name: Some("color1"), location: (loc=0, comp=0), ty: Vector(VectorType { scalar_ty: Float { bits: 32 }, scalar_count: 4 }) }
- MemberVariableRouting { sym: [], offset: 0, ty: Vector(VectorType { scalar_ty: Float { bits: 32 }, scalar_count: 4 }) }
Input { name: Some("color2"), location: (loc=2, comp=0), ty: Vector(VectorType { scalar_ty: Float { bits: 32 }, scalar_count: 4 }) }
- MemberVariableRouting { sym: [], offset: 0, ty: Vector(VectorType { scalar_ty: Float { bits: 32 }, scalar_count: 4 }) }
Input { name: Some("multiplier"), location: (loc=1, comp=0), ty: Vector(VectorType { scalar_ty: Float { bits: 32 }, scalar_count: 4 }) }
- MemberVariableRouting { sym: [], offset: 0, ty: Vector(VectorType { scalar_ty: Float { bits: 32 }, scalar_count: 4 }) }
