[
    main {
        exec_model: Fragment,
        name: "main",
        vars: [
            Descriptor {
                name: Some(
                    "iImg1d",
                ),
                desc_bind: (set=1, bind=0),
                desc_ty: StorageImage(
                    ReadOnly,
                ),
                ty: Image<i32,Storage,Depth,Rgba32i,Image1D>,
                nbind: 1,
            },
            Descriptor {
                name: Some(
                    "iImg2d",
                ),
                desc_bind: (set=1, bind=1),
                desc_ty: StorageImage(
                    ReadOnly,
                ),
                ty: Image<i32,Storage,Depth,Rgba16i,Image2D>,
                nbind: 1,
            },
            Descriptor {
                name: Some(
                    "iImg3d",
                ),
                desc_bind: (set=1, bind=2),
                desc_ty: StorageImage(
                    ReadOnly,
                ),
                ty: Image<i32,Storage,Depth,Rgba8i,Image3D>,
                nbind: 1,
            },
            Descriptor {
                name: Some(
                    "iImg1dArr",
                ),
                desc_bind: (set=1, bind=3),
                desc_ty: StorageImage(
                    ReadOnly,
                ),
                ty: Image<i32,Storage,Depth,Rgba32i,Image1DArray>,
                nbind: 1,
            },
            Descriptor {
                name: Some(
                    "iImg2dArr",
                ),
                desc_bind: (set=1, bind=4),
                desc_ty: StorageImage(
                    ReadOnly,
                ),
                ty: Image<i32,Storage,Depth,Rgba32i,Image2DArray>,
                nbind: 1,
            },
            Descriptor {
                name: Some(
                    "iImgCube",
                ),
                desc_bind: (set=1, bind=5),
                desc_ty: StorageImage(
                    ReadOnly,
                ),
                ty: Image<i32,Storage,Depth,Rgba32i,CubeMap>,
                nbind: 1,
            },
            Descriptor {
                name: Some(
                    "iImgCubeArr",
                ),
                desc_bind: (set=1, bind=6),
                desc_ty: StorageImage(
                    ReadOnly,
                ),
                ty: Image<i32,Storage,Depth,Rgba32i,CubeMapArray>,
                nbind: 1,
            },
            Descriptor {
                name: Some(
                    "iImgBuf",
                ),
                desc_bind: (set=1, bind=7),
                desc_ty: StorageTexelBuffer(
                    ReadOnly,
                ),
                ty: Image<i32,Storage,Depth,Rgba32i,ImageBuffer>,
                nbind: 1,
            },
            Descriptor {
                name: Some(
                    "uImg1d",
                ),
                desc_bind: (set=2, bind=0),
                desc_ty: StorageImage(
                    ReadOnly,
                ),
                ty: Image<u32,Storage,Depth,Rgba32ui,Image1D>,
                nbind: 1,
            },
            Descriptor {
                name: Some(
                    "uImg2d",
                ),
                desc_bind: (set=2, bind=1),
                desc_ty: StorageImage(
                    ReadOnly,
                ),
                ty: Image<u32,Storage,Depth,Rgba16ui,Image2D>,
                nbind: 1,
            },
            Descriptor {
                name: Some(
                    "uImg3d",
                ),
                desc_bind: (set=2, bind=2),
                desc_ty: StorageImage(
                    ReadOnly,
                ),
                ty: Image<u32,Storage,Depth,Rgba8ui,Image3D>,
                nbind: 1,
            },
            Descriptor {
                name: Some(
                    "uImg1dArr",
                ),
                desc_bind: (set=2, bind=3),
                desc_ty: StorageImage(
                    ReadOnly,
                ),
                ty: Image<u32,Storage,Depth,Rgba32ui,Image1DArray>,
                nbind: 1,
            },
            Descriptor {
                name: Some(
                    "uImg2dArr",
                ),
                desc_bind: (set=2, bind=4),
                desc_ty: StorageImage(
                    ReadOnly,
                ),
                ty: Image<u32,Storage,Depth,Rgba32ui,Image2DArray>,
                nbind: 1,
            },
            Descriptor {
                name: Some(
                    "uImgCube",
                ),
                desc_bind: (set=2, bind=5),
                desc_ty: StorageImage(
                    ReadOnly,
                ),
                ty: Image<u32,Storage,Depth,Rgba32ui,CubeMap>,
                nbind: 1,
            },
            Descriptor {
                name: Some(
                    "uImgCubeArr",
                ),
                desc_bind: (set=2, bind=6),
                desc_ty: StorageImage(
                    ReadOnly,
                ),
                ty: Image<u32,Storage,Depth,Rgba32ui,CubeMapArray>,
                nbind: 1,
            },
            Descriptor {
                name: Some(
                    "uImgBuf",
                ),
                desc_bind: (set=2, bind=7),
                desc_ty: StorageTexelBuffer(
                    ReadOnly,
                ),
                ty: Image<u32,Storage,Depth,Rgba32ui,ImageBuffer>,
                nbind: 1,
            },
            Descriptor {
                name: Some(
                    "fImg1D",
                ),
                desc_bind: (set=3, bind=0),
                desc_ty: StorageImage(
                    WriteOnly,
                ),
                ty: Image<f32,Storage,Depth,Rgba32f,Image1D>,
                nbind: 1,
            },
            Descriptor {
                name: Some(
                    "fImg2D",
                ),
                desc_bind: (set=3, bind=1),
                desc_ty: StorageImage(
                    WriteOnly,
                ),
                ty: Image<f32,Storage,Depth,Rgba16f,Image2D>,
                nbind: 1,
            },
            Descriptor {
                name: Some(
                    "fImg3D",
                ),
                desc_bind: (set=3, bind=2),
                desc_ty: StorageImage(
                    WriteOnly,
                ),
                ty: Image<f32,Storage,Depth,R32f,Image3D>,
                nbind: 1,
            },
            Descriptor {
                name: Some(
                    "fImgCube",
                ),
                desc_bind: (set=3, bind=3),
                desc_ty: StorageImage(
                    WriteOnly,
                ),
                ty: Image<f32,Storage,Depth,Rgba8,CubeMap>,
                nbind: 1,
            },
            Descriptor {
                name: Some(
                    "fImg2DRect",
                ),
                desc_bind: (set=3, bind=4),
                desc_ty: StorageImage(
                    WriteOnly,
                ),
                ty: Image<f32,Storage,Depth,Rgba8Snorm,Image2DRect>,
                nbind: 1,
            },
            Descriptor {
                name: Some(
                    "fImg1DArray",
                ),
                desc_bind: (set=3, bind=5),
                desc_ty: StorageImage(
                    WriteOnly,
                ),
                ty: Image<f32,Storage,Depth,Rgba32f,Image1DArray>,
                nbind: 1,
            },
            Descriptor {
                name: Some(
                    "fImg2DArray",
                ),
                desc_bind: (set=3, bind=6),
                desc_ty: StorageImage(
                    WriteOnly,
                ),
                ty: Image<f32,Storage,Depth,Rgba32f,Image2DArray>,
                nbind: 1,
            },
            Descriptor {
                name: Some(
                    "fImgCubeArray",
                ),
                desc_bind: (set=3, bind=7),
                desc_ty: StorageImage(
                    WriteOnly,
                ),
                ty: Image<f32,Storage,Depth,Rgba32f,CubeMapArray>,
                nbind: 1,
            },
            Descriptor {
                name: Some(
                    "fImgBuffer",
                ),
                desc_bind: (set=3, bind=8),
                desc_ty: StorageTexelBuffer(
                    WriteOnly,
                ),
                ty: Image<f32,Storage,Depth,Rgba32f,ImageBuffer>,
                nbind: 1,
            },
            Descriptor {
                name: Some(
                    "fImg2DMS",
                ),
                desc_bind: (set=3, bind=9),
                desc_ty: StorageImage(
                    WriteOnly,
                ),
                ty: Image<f32,Storage,Depth,Rgba32f,Image2DMS>,
                nbind: 1,
            },
            Descriptor {
                name: Some(
                    "fImg2DMSArray",
                ),
                desc_bind: (set=3, bind=10),
                desc_ty: StorageImage(
                    WriteOnly,
                ),
                ty: Image<f32,Storage,Depth,Rgba32f,Image2DMSArray>,
                nbind: 1,
            },
            Descriptor {
                name: Some(
                    "iSamp1D",
                ),
                desc_bind: (set=4, bind=0),
                desc_ty: CombinedImageSampler,
                ty: Sampled<Image<i32,Sampled,Depth,Unknown,Image1D>>,
                nbind: 1,
            },
            Descriptor {
                name: Some(
                    "iSamp2D",
                ),
                desc_bind: (set=4, bind=1),
                desc_ty: CombinedImageSampler,
                ty: Sampled<Image<i32,Sampled,Depth,Unknown,Image2D>>,
                nbind: 1,
            },
            Descriptor {
                name: Some(
                    "iSamp3D",
                ),
                desc_bind: (set=4, bind=2),
                desc_ty: CombinedImageSampler,
                ty: Sampled<Image<i32,Sampled,Depth,Unknown,Image3D>>,
                nbind: 1,
            },
            Descriptor {
                name: Some(
                    "iSampCube",
                ),
                desc_bind: (set=4, bind=3),
                desc_ty: CombinedImageSampler,
                ty: Sampled<Image<i32,Sampled,Depth,Unknown,CubeMap>>,
                nbind: 1,
            },
            Descriptor {
                name: Some(
                    "iSamp2DRect",
                ),
                desc_bind: (set=4, bind=4),
                desc_ty: CombinedImageSampler,
                ty: Sampled<Image<i32,Sampled,Depth,Unknown,Image2DRect>>,
                nbind: 1,
            },
            Descriptor {
                name: Some(
                    "iSamp1DArray",
                ),
                desc_bind: (set=4, bind=5),
                desc_ty: CombinedImageSampler,
                ty: Sampled<Image<i32,Sampled,Depth,Unknown,Image1DArray>>,
                nbind: 1,
            },
            Descriptor {
                name: Some(
                    "iSamp2DArray",
                ),
                desc_bind: (set=4, bind=6),
                desc_ty: CombinedImageSampler,
                ty: Sampled<Image<i32,Sampled,Depth,Unknown,Image2DArray>>,
                nbind: 1,
            },
            Descriptor {
                name: Some(
                    "iSampCubeArray",
                ),
                desc_bind: (set=4, bind=7),
                desc_ty: CombinedImageSampler,
                ty: Sampled<Image<i32,Sampled,Depth,Unknown,CubeMapArray>>,
                nbind: 1,
            },
            Descriptor {
                name: Some(
                    "iSampBuffer",
                ),
                desc_bind: (set=4, bind=8),
                desc_ty: UniformTexelBuffer,
                ty: Sampled<Image<i32,Sampled,Depth,Unknown,ImageBuffer>>,
                nbind: 1,
            },
            Descriptor {
                name: Some(
                    "iSamp2DMS",
                ),
                desc_bind: (set=4, bind=9),
                desc_ty: CombinedImageSampler,
                ty: Sampled<Image<i32,Sampled,Depth,Unknown,Image2DMS>>,
                nbind: 1,
            },
            Descriptor {
                name: Some(
                    "iSamp2DMSArray",
                ),
                desc_bind: (set=4, bind=10),
                desc_ty: CombinedImageSampler,
                ty: Sampled<Image<i32,Sampled,Depth,Unknown,Image2DMSArray>>,
                nbind: 1,
            },
            Descriptor {
                name: Some(
                    "uSamp1D",
                ),
                desc_bind: (set=5, bind=0),
                desc_ty: CombinedImageSampler,
                ty: Sampled<Image<u32,Sampled,Depth,Unknown,Image1D>>,
                nbind: 1,
            },
            Descriptor {
                name: Some(
                    "uSamp2D",
                ),
                desc_bind: (set=5, bind=1),
                desc_ty: CombinedImageSampler,
                ty: Sampled<Image<u32,Sampled,Depth,Unknown,Image2D>>,
                nbind: 1,
            },
            Descriptor {
                name: Some(
                    "uSamp3D",
                ),
                desc_bind: (set=5, bind=2),
                desc_ty: CombinedImageSampler,
                ty: Sampled<Image<u32,Sampled,Depth,Unknown,Image3D>>,
                nbind: 1,
            },
            Descriptor {
                name: Some(
                    "uSampCube",
                ),
                desc_bind: (set=5, bind=3),
                desc_ty: CombinedImageSampler,
                ty: Sampled<Image<u32,Sampled,Depth,Unknown,CubeMap>>,
                nbind: 1,
            },
            Descriptor {
                name: Some(
                    "uSamp2DRect",
                ),
                desc_bind: (set=5, bind=4),
                desc_ty: CombinedImageSampler,
                ty: Sampled<Image<u32,Sampled,Depth,Unknown,Image2DRect>>,
                nbind: 1,
            },
            Descriptor {
                name: Some(
                    "uSamp1DArray",
                ),
                desc_bind: (set=5, bind=5),
                desc_ty: CombinedImageSampler,
                ty: Sampled<Image<u32,Sampled,Depth,Unknown,Image1DArray>>,
                nbind: 1,
            },
            Descriptor {
                name: Some(
                    "uSamp2DArray",
                ),
                desc_bind: (set=5, bind=6),
                desc_ty: CombinedImageSampler,
                ty: Sampled<Image<u32,Sampled,Depth,Unknown,Image2DArray>>,
                nbind: 1,
            },
            Descriptor {
                name: Some(
                    "uSampCubeArray",
                ),
                desc_bind: (set=5, bind=7),
                desc_ty: CombinedImageSampler,
                ty: Sampled<Image<u32,Sampled,Depth,Unknown,CubeMapArray>>,
                nbind: 1,
            },
            Descriptor {
                name: Some(
                    "uSampBuffer",
                ),
                desc_bind: (set=5, bind=8),
                desc_ty: UniformTexelBuffer,
                ty: Sampled<Image<u32,Sampled,Depth,Unknown,ImageBuffer>>,
                nbind: 1,
            },
            Descriptor {
                name: Some(
                    "uSamp2DMS",
                ),
                desc_bind: (set=5, bind=9),
                desc_ty: CombinedImageSampler,
                ty: Sampled<Image<u32,Sampled,Depth,Unknown,Image2DMS>>,
                nbind: 1,
            },
            Descriptor {
                name: Some(
                    "uSamp2DMSArray",
                ),
                desc_bind: (set=5, bind=10),
                desc_ty: CombinedImageSampler,
                ty: Sampled<Image<u32,Sampled,Depth,Unknown,Image2DMSArray>>,
                nbind: 1,
            },
            Descriptor {
                name: Some(
                    "fSamp1D",
                ),
                desc_bind: (set=6, bind=0),
                desc_ty: CombinedImageSampler,
                ty: Sampled<Image<f32,Sampled,Depth,Unknown,Image1D>>,
                nbind: 1,
            },
            Descriptor {
                name: Some(
                    "fSamp2D",
                ),
                desc_bind: (set=6, bind=1),
                desc_ty: CombinedImageSampler,
                ty: Sampled<Image<f32,Sampled,Depth,Unknown,Image2D>>,
                nbind: 1,
            },
            Descriptor {
                name: Some(
                    "fSamp3D",
                ),
                desc_bind: (set=6, bind=2),
                desc_ty: CombinedImageSampler,
                ty: Sampled<Image<f32,Sampled,Depth,Unknown,Image3D>>,
                nbind: 1,
            },
            Descriptor {
                name: Some(
                    "fSampCube",
                ),
                desc_bind: (set=6, bind=3),
                desc_ty: CombinedImageSampler,
                ty: Sampled<Image<f32,Sampled,Depth,Unknown,CubeMap>>,
                nbind: 1,
            },
            Descriptor {
                name: Some(
                    "fSamp2DRect",
                ),
                desc_bind: (set=6, bind=4),
                desc_ty: CombinedImageSampler,
                ty: Sampled<Image<f32,Sampled,Depth,Unknown,Image2DRect>>,
                nbind: 1,
            },
            Descriptor {
                name: Some(
                    "fSamp1DArray",
                ),
                desc_bind: (set=6, bind=5),
                desc_ty: CombinedImageSampler,
                ty: Sampled<Image<f32,Sampled,Depth,Unknown,Image1DArray>>,
                nbind: 1,
            },
            Descriptor {
                name: Some(
                    "fSamp2DArray",
                ),
                desc_bind: (set=6, bind=6),
                desc_ty: CombinedImageSampler,
                ty: Sampled<Image<f32,Sampled,Depth,Unknown,Image2DArray>>,
                nbind: 1,
            },
            Descriptor {
                name: Some(
                    "fSampCubeArray",
                ),
                desc_bind: (set=6, bind=7),
                desc_ty: CombinedImageSampler,
                ty: Sampled<Image<f32,Sampled,Depth,Unknown,CubeMapArray>>,
                nbind: 1,
            },
            Descriptor {
                name: Some(
                    "fSampBuffer",
                ),
                desc_bind: (set=6, bind=8),
                desc_ty: UniformTexelBuffer,
                ty: Sampled<Image<f32,Sampled,Depth,Unknown,ImageBuffer>>,
                nbind: 1,
            },
            Descriptor {
                name: Some(
                    "fSamp2DMS",
                ),
                desc_bind: (set=6, bind=9),
                desc_ty: CombinedImageSampler,
                ty: Sampled<Image<f32,Sampled,Depth,Unknown,Image2DMS>>,
                nbind: 1,
            },
            Descriptor {
                name: Some(
                    "fSamp2DMSArray",
                ),
                desc_bind: (set=6, bind=10),
                desc_ty: CombinedImageSampler,
                ty: Sampled<Image<f32,Sampled,Depth,Unknown,Image2DMSArray>>,
                nbind: 1,
            },
            Descriptor {
                name: Some(
                    "dsSamp1D",
                ),
                desc_bind: (set=7, bind=0),
                desc_ty: CombinedImageSampler,
                ty: Sampled<Image<f32,Sampled,Color,Unknown,Image1D>>,
                nbind: 1,
            },
            Descriptor {
                name: Some(
                    "dsSamp2D",
                ),
                desc_bind: (set=7, bind=1),
                desc_ty: CombinedImageSampler,
                ty: Sampled<Image<f32,Sampled,Color,Unknown,Image2D>>,
                nbind: 1,
            },
            Descriptor {
                name: Some(
                    "dsSampCube",
                ),
                desc_bind: (set=7, bind=2),
                desc_ty: CombinedImageSampler,
                ty: Sampled<Image<f32,Sampled,Color,Unknown,CubeMap>>,
                nbind: 1,
            },
            Descriptor {
                name: Some(
                    "dsSamp2DRect",
                ),
                desc_bind: (set=7, bind=3),
                desc_ty: CombinedImageSampler,
                ty: Sampled<Image<f32,Sampled,Color,Unknown,Image2DRect>>,
                nbind: 1,
            },
            Descriptor {
                name: Some(
                    "dsSamp1DArray",
                ),
                desc_bind: (set=7, bind=4),
                desc_ty: CombinedImageSampler,
                ty: Sampled<Image<f32,Sampled,Color,Unknown,Image1DArray>>,
                nbind: 1,
            },
            Descriptor {
                name: Some(
                    "dsSamp2DArray",
                ),
                desc_bind: (set=7, bind=5),
                desc_ty: CombinedImageSampler,
                ty: Sampled<Image<f32,Sampled,Color,Unknown,Image2DArray>>,
                nbind: 1,
            },
            Descriptor {
                name: Some(
                    "dsSampCubeArray",
                ),
                desc_bind: (set=7, bind=6),
                desc_ty: CombinedImageSampler,
                ty: Sampled<Image<f32,Sampled,Color,Unknown,CubeMapArray>>,
                nbind: 1,
            },
            Descriptor {
                name: Some(
                    "samp",
                ),
                desc_bind: (set=8, bind=0),
                desc_ty: Sampler,
                ty: Sampler,
                nbind: 1,
            },
            Descriptor {
                name: Some(
                    "sampShadow",
                ),
                desc_bind: (set=8, bind=1),
                desc_ty: Sampler,
                ty: Sampler,
                nbind: 1,
            },
            Descriptor {
                name: Some(
                    "iTex1D",
                ),
                desc_bind: (set=9, bind=0),
                desc_ty: SampledImage,
                ty: Image<i32,Sampled,Depth,Unknown,Image1D>,
                nbind: 1,
            },
            Descriptor {
                name: Some(
                    "iTex2D",
                ),
                desc_bind: (set=9, bind=1),
                desc_ty: SampledImage,
                ty: Image<i32,Sampled,Depth,Unknown,Image2D>,
                nbind: 1,
            },
            Descriptor {
                name: Some(
                    "iTex3D",
                ),
                desc_bind: (set=9, bind=2),
                desc_ty: SampledImage,
                ty: Image<i32,Sampled,Depth,Unknown,Image3D>,
                nbind: 1,
            },
            Descriptor {
                name: Some(
                    "iTexCube",
                ),
                desc_bind: (set=9, bind=3),
                desc_ty: SampledImage,
                ty: Image<i32,Sampled,Depth,Unknown,CubeMap>,
                nbind: 1,
            },
            Descriptor {
                name: Some(
                    "iTex2DRect",
                ),
                desc_bind: (set=9, bind=4),
                desc_ty: SampledImage,
                ty: Image<i32,Sampled,Depth,Unknown,Image2DRect>,
                nbind: 1,
            },
            Descriptor {
                name: Some(
                    "iTex1DArray",
                ),
                desc_bind: (set=9, bind=5),
                desc_ty: SampledImage,
                ty: Image<i32,Sampled,Depth,Unknown,Image1DArray>,
                nbind: 1,
            },
            Descriptor {
                name: Some(
                    "iTex2DArray",
                ),
                desc_bind: (set=9, bind=6),
                desc_ty: SampledImage,
                ty: Image<i32,Sampled,Depth,Unknown,Image2DArray>,
                nbind: 1,
            },
            Descriptor {
                name: Some(
                    "iTexCubeArray",
                ),
                desc_bind: (set=9, bind=7),
                desc_ty: SampledImage,
                ty: Image<i32,Sampled,Depth,Unknown,CubeMapArray>,
                nbind: 1,
            },
            Descriptor {
                name: Some(
                    "iTexBuffer",
                ),
                desc_bind: (set=9, bind=8),
                desc_ty: UniformTexelBuffer,
                ty: Image<i32,Sampled,Depth,Unknown,ImageBuffer>,
                nbind: 1,
            },
            Descriptor {
                name: Some(
                    "iTex2DMS",
                ),
                desc_bind: (set=9, bind=9),
                desc_ty: SampledImage,
                ty: Image<i32,Sampled,Depth,Unknown,Image2DMS>,
                nbind: 1,
            },
            Descriptor {
                name: Some(
                    "iTex2DMSArray",
                ),
                desc_bind: (set=9, bind=10),
                desc_ty: SampledImage,
                ty: Image<i32,Sampled,Depth,Unknown,Image2DMSArray>,
                nbind: 1,
            },
            Descriptor {
                name: Some(
                    "uTex1D",
                ),
                desc_bind: (set=10, bind=0),
                desc_ty: SampledImage,
                ty: Image<u32,Sampled,Depth,Unknown,Image1D>,
                nbind: 1,
            },
            Descriptor {
                name: Some(
                    "uTex2D",
                ),
                desc_bind: (set=10, bind=1),
                desc_ty: SampledImage,
                ty: Image<u32,Sampled,Depth,Unknown,Image2D>,
                nbind: 1,
            },
            Descriptor {
                name: Some(
                    "uTex3D",
                ),
                desc_bind: (set=10, bind=2),
                desc_ty: SampledImage,
                ty: Image<u32,Sampled,Depth,Unknown,Image3D>,
                nbind: 1,
            },
            Descriptor {
                name: Some(
                    "uTexCube",
                ),
                desc_bind: (set=10, bind=3),
                desc_ty: SampledImage,
                ty: Image<u32,Sampled,Depth,Unknown,CubeMap>,
                nbind: 1,
            },
            Descriptor {
                name: Some(
                    "uTex2DRect",
                ),
                desc_bind: (set=10, bind=4),
                desc_ty: SampledImage,
                ty: Image<u32,Sampled,Depth,Unknown,Image2DRect>,
                nbind: 1,
            },
            Descriptor {
                name: Some(
                    "uTex1DArray",
                ),
                desc_bind: (set=10, bind=5),
                desc_ty: SampledImage,
                ty: Image<u32,Sampled,Depth,Unknown,Image1DArray>,
                nbind: 1,
            },
            Descriptor {
                name: Some(
                    "uTex2DArray",
                ),
                desc_bind: (set=10, bind=6),
                desc_ty: SampledImage,
                ty: Image<u32,Sampled,Depth,Unknown,Image2DArray>,
                nbind: 1,
            },
            Descriptor {
                name: Some(
                    "uTexCubeArray",
                ),
                desc_bind: (set=10, bind=7),
                desc_ty: SampledImage,
                ty: Image<u32,Sampled,Depth,Unknown,CubeMapArray>,
                nbind: 1,
            },
            Descriptor {
                name: Some(
                    "uTexBuffer",
                ),
                desc_bind: (set=10, bind=8),
                desc_ty: UniformTexelBuffer,
                ty: Image<u32,Sampled,Depth,Unknown,ImageBuffer>,
                nbind: 1,
            },
            Descriptor {
                name: Some(
                    "uTex2DMS",
                ),
                desc_bind: (set=10, bind=9),
                desc_ty: SampledImage,
                ty: Image<u32,Sampled,Depth,Unknown,Image2DMS>,
                nbind: 1,
            },
            Descriptor {
                name: Some(
                    "uTex2DMSArray",
                ),
                desc_bind: (set=10, bind=10),
                desc_ty: SampledImage,
                ty: Image<u32,Sampled,Depth,Unknown,Image2DMSArray>,
                nbind: 1,
            },
            Descriptor {
                name: Some(
                    "fTex1D",
                ),
                desc_bind: (set=12, bind=0),
                desc_ty: SampledImage,
                ty: Image<f32,Sampled,Depth,Unknown,Image1D>,
                nbind: 1,
            },
            Descriptor {
                name: Some(
                    "fTex2D",
                ),
                desc_bind: (set=12, bind=1),
                desc_ty: SampledImage,
                ty: Image<f32,Sampled,Depth,Unknown,Image2D>,
                nbind: 1,
            },
            Descriptor {
                name: Some(
                    "fTex3D",
                ),
                desc_bind: (set=12, bind=2),
                desc_ty: SampledImage,
                ty: Image<f32,Sampled,Depth,Unknown,Image3D>,
                nbind: 1,
            },
            Descriptor {
                name: Some(
                    "fTexCube",
                ),
                desc_bind: (set=12, bind=3),
                desc_ty: SampledImage,
                ty: Image<f32,Sampled,Depth,Unknown,CubeMap>,
                nbind: 1,
            },
            Descriptor {
                name: Some(
                    "fTex2DRect",
                ),
                desc_bind: (set=12, bind=4),
                desc_ty: SampledImage,
                ty: Image<f32,Sampled,Depth,Unknown,Image2DRect>,
                nbind: 1,
            },
            Descriptor {
                name: Some(
                    "fTex1DArray",
                ),
                desc_bind: (set=12, bind=5),
                desc_ty: SampledImage,
                ty: Image<f32,Sampled,Depth,Unknown,Image1DArray>,
                nbind: 1,
            },
            Descriptor {
                name: Some(
                    "fTex2DArray",
                ),
                desc_bind: (set=12, bind=6),
                desc_ty: SampledImage,
                ty: Image<f32,Sampled,Depth,Unknown,Image2DArray>,
                nbind: 1,
            },
            Descriptor {
                name: Some(
                    "fTexCubeArray",
                ),
                desc_bind: (set=12, bind=7),
                desc_ty: SampledImage,
                ty: Image<f32,Sampled,Depth,Unknown,CubeMapArray>,
                nbind: 1,
            },
            Descriptor {
                name: Some(
                    "fTexBuffer",
                ),
                desc_bind: (set=12, bind=8),
                desc_ty: UniformTexelBuffer,
                ty: Image<f32,Sampled,Depth,Unknown,ImageBuffer>,
                nbind: 1,
            },
            Descriptor {
                name: Some(
                    "fTex2DMS",
                ),
                desc_bind: (set=12, bind=9),
                desc_ty: SampledImage,
                ty: Image<f32,Sampled,Depth,Unknown,Image2DMS>,
                nbind: 1,
            },
            Descriptor {
                name: Some(
                    "fTex2DMSArray",
                ),
                desc_bind: (set=12, bind=10),
                desc_ty: SampledImage,
                ty: Image<f32,Sampled,Depth,Unknown,Image2DMSArray>,
                nbind: 1,
            },
            Descriptor {
                name: Some(
                    "ubo",
                ),
                desc_bind: (set=13, bind=0),
                desc_ty: UniformBuffer,
                ty: Ubo { ds: [Data { i0: i32, i1: vec2<i32>, i2: vec3<i32>, i3: vec4<i32>, u0: u32, u1: vec2<u32>, u2: vec3<u32>, u3: vec4<u32>, f0: f32, f1: vec2<f32>, f2: vec3<f32>, f3: vec4<f32>, fMat0: mat2x2<f32,ColumnMajor>, fMat1: mat3x2<f32,ColumnMajor>, fMat2: mat4x2<f32,ColumnMajor>, fMat3: mat2x3<f32,ColumnMajor>, fMat4: mat3x3<f32,ColumnMajor>, fMat5: mat4x3<f32,ColumnMajor>, fMat6: mat2x4<f32,ColumnMajor>, fMat7: mat3x4<f32,ColumnMajor>, fMat8: mat4x4<f32,ColumnMajor>, d0: f64, d1: vec2<f64>, d2: vec3<f64>, d3: vec4<f64>, dMat0: mat2x2<f64,ColumnMajor>, dMat1: mat3x2<f64,ColumnMajor>, dMat2: mat4x2<f64,ColumnMajor>, dMat3: mat2x3<f64,ColumnMajor>, dMat4: mat3x3<f64,ColumnMajor>, dMat5: mat4x3<f64,ColumnMajor>, dMat6: mat2x4<f64,ColumnMajor>, dMat7: mat3x4<f64,ColumnMajor>, dMat8: mat4x4<f64,ColumnMajor> }; 4] },
                nbind: 1,
            },
            Descriptor {
                name: Some(
                    "ssbo",
                ),
                desc_bind: (set=14, bind=0),
                desc_ty: StorageBuffer(
                    ReadWrite,
                ),
                ty: Ssbo { ds: [Data { i0: i32, i1: vec2<i32>, i2: vec3<i32>, i3: vec4<i32>, u0: u32, u1: vec2<u32>, u2: vec3<u32>, u3: vec4<u32>, f0: f32, f1: vec2<f32>, f2: vec3<f32>, f3: vec4<f32>, fMat0: mat2x2<f32,ColumnMajor>, fMat1: mat3x2<f32,ColumnMajor>, fMat2: mat4x2<f32,ColumnMajor>, fMat3: mat2x3<f32,ColumnMajor>, fMat4: mat3x3<f32,ColumnMajor>, fMat5: mat4x3<f32,ColumnMajor>, fMat6: mat2x4<f32,ColumnMajor>, fMat7: mat3x4<f32,ColumnMajor>, fMat8: mat4x4<f32,ColumnMajor>, d0: f64, d1: vec2<f64>, d2: vec3<f64>, d3: vec4<f64>, dMat0: mat2x2<f64,ColumnMajor>, dMat1: mat3x2<f64,ColumnMajor>, dMat2: mat4x2<f64,ColumnMajor>, dMat3: mat2x3<f64,ColumnMajor>, dMat4: mat3x3<f64,ColumnMajor>, dMat5: mat4x3<f64,ColumnMajor>, dMat6: mat2x4<f64,ColumnMajor>, dMat7: mat3x4<f64,ColumnMajor>, dMat8: mat4x4<f64,ColumnMajor> }] },
                nbind: 1,
            },
            Descriptor {
                name: Some(
                    "iAttm",
                ),
                desc_bind: (set=15, bind=0),
                desc_ty: InputAttachment(
                    0,
                ),
                ty: SubpassData<i32,SubpassData>,
                nbind: 1,
            },
            Descriptor {
                name: Some(
                    "iAttmMS",
                ),
                desc_bind: (set=15, bind=1),
                desc_ty: InputAttachment(
                    1,
                ),
                ty: SubpassData<i32,SubpassDataMS>,
                nbind: 1,
            },
            Descriptor {
                name: Some(
                    "uAttm",
                ),
                desc_bind: (set=15, bind=2),
                desc_ty: InputAttachment(
                    2,
                ),
                ty: SubpassData<u32,SubpassData>,
                nbind: 1,
            },
            Descriptor {
                name: Some(
                    "uAttmMS",
                ),
                desc_bind: (set=15, bind=3),
                desc_ty: InputAttachment(
                    3,
                ),
                ty: SubpassData<u32,SubpassDataMS>,
                nbind: 1,
            },
            Descriptor {
                name: Some(
                    "fAttm",
                ),
                desc_bind: (set=15, bind=4),
                desc_ty: InputAttachment(
                    4,
                ),
                ty: SubpassData<f32,SubpassData>,
                nbind: 1,
            },
            Descriptor {
                name: Some(
                    "fAttmMS",
                ),
                desc_bind: (set=15, bind=5),
                desc_ty: InputAttachment(
                    5,
                ),
                ty: SubpassData<f32,SubpassDataMS>,
                nbind: 1,
            },
            Descriptor {
                name: Some(
                    "acc",
                ),
                desc_bind: (set=16, bind=0),
                desc_ty: AccelStruct,
                ty: AccelStruct,
                nbind: 1,
            },
        ],
        exec_modes: [
            OriginUpperLeft,
        ],
    },
]
