   Compiling spirq v0.3.0 (C:\Users\PENGUINLIONG\Repositories\spirq)
    Finished dev [unoptimized + debuginfo] target(s) in 1.12s
     Running `target\debug\examples\query.exe`
[2020-01-18T22:48:42Z INFO  query] collected spirvs: ["uniform-pbr.frag", "uniform-pbr.vert"]
[2020-01-18T22:48:42Z INFO  query] main {
        push_const: Some(
            { model_view: mat4x4<f32>, view_proj: mat4x4<f32> },
        ),
        inputs: {
            (loc=0, comp=0): vec4<f32>,
            (loc=1, comp=0): vec4<f32>,
            (loc=2, comp=0): vec2<f32>,
        },
        outputs: {},
        descriptors: {},
    }
[2020-01-18T22:48:42Z INFO  query] .model_view: PushConstantResolution { ty: { model_view: mat4x4<f32>, view_proj: mat4x4<f32> }, member_var_res:
Some(MemberVariableResolution { offset: 0, ty: mat4x4<f32> }) }
[2020-01-18T22:48:42Z INFO  query] .view_proj: PushConstantResolution { ty: { model_view: mat4x4<f32>, view_proj: mat4x4<f32> }, member_var_res: Some(MemberVariableResolution { offset: 64, ty: mat4x4<f32> }) }
[2020-01-18T22:48:42Z INFO  query] main {
        push_const: Some(
            { randomColor: vec4<f32> },
        ),
        inputs: {},
        outputs: {
            (loc=0, comp=0): vec4<f32>,
        },
        descriptors: {
            (set=0, bind=3): 1x sampler2D,
            (set=0, bind=1): 2x { albedo: vec3<f32>, metalicity: f32, roughness: f32, fdsa: [mat3x3<f32>; 2] },
            (set=1, bind=0): 2x { cam_pos: vec4<f32>, lights: [{ pos: vec3<f32>, color: vec3<f32> } },
            (set=0, bind=2): 1x subpassData[0],
        },
    }
[2020-01-18T22:48:42Z INFO  query] mat.fdsa.1: DescriptorResolution { desc_bind: (set=0, bind=1), desc_ty: 2x { albedo: vec3<f32>, metalicity: f32, roughness: f32, fdsa: [mat3x3<f32>; 2] }, member_var_res: Some(MemberVariableResolution { offset: 80, ty: mat3x3<f32> }) }
[2020-01-18T22:48:42Z INFO  query] someImage: DescriptorResolution { desc_bind: (set=0, bind=2), desc_ty: 1x subpassData[0], member_var_res: None
}
[2020-01-18T22:48:42Z INFO  query] imgggg: DescriptorResolution { desc_bind: (set=0, bind=3), desc_ty: 1x sampler2D, member_var_res: None }
